This is pdfTeX, Version 3.141592653-2.6-1.40.26 (TeX Live 2024) (preloaded format=pdftex 2024.5.17)  6 NOV 2025 11:30
entering extended mode
 \write18 enabled.
 %&-line parsing enabled.
**ws3.tex
(./ws3.tex (/Users/fred/Desktop/lptp/tex/proofmacros.tex
\levcount=\count27
\thmcount=\count28
\indcount=\count29
\inputcheck=\read1
\auxout=\write0
) [1
\openout0 = `ws3.aux'.

{/usr/local/texlive/2024/texmf-var/fonts/map/pdftex/updmap/pdftex.map}
Non-PDF special ignored!
<special> html:<A name="1">
Non-PDF special ignored!
<special> html:</A>
Non-PDF special ignored!
<special> html:<A name="2">
Non-PDF special ignored!
<special> html:</A>
Non-PDF special ignored!
<special> html:<A name="3">
Non-PDF special ignored!
<special> html:</A>
Non-PDF special ignored!
<special> html:<A name="4">
Non-PDF special ignored!
<special> html:</A>
Non-PDF special ignored!
<special> html:<A name="5">
Non-PDF special ignored!
<special> html:</A>
Non-PDF special ignored!
<special> html:<A name="6">
Non-PDF special ignored!
<special> html:</A>
Non-PDF special ignored!
<special> html:<A name="7">
Non-PDF special ignored!
<special> html:</A>
Non-PDF special ignored!
<special> html:<A name="8">
Non-PDF special ignored!
<special> html:</A>
Non-PDF special ignored!
<special> html:<A name="9">
Non-PDF special ignored!
<special> html:</A>
Non-PDF special ignored!
<special> html:<A name="10">
Non-PDF special ignored!
<special> html:</A>
Non-PDF special ignored!
<special> html:<A name="11">
Non-PDF special ignored!
<special> html:</A>
Non-PDF special ignored!
<special> html:<A name="12">
Non-PDF special ignored!
<special> html:</A>
] )</usr/local/texlive/2024/texmf-dist/fonts/type1/public/amsfonts/cm/cmbx10.pf
b></usr/local/texlive/2024/texmf-dist/fonts/type1/public/amsfonts/cm/cmr10.pfb>
</usr/local/texlive/2024/texmf-dist/fonts/type1/public/amsfonts/cm/cmssbx10.pfb
></usr/local/texlive/2024/texmf-dist/fonts/type1/public/amsfonts/cm/cmsy10.pfb>
</usr/local/texlive/2024/texmf-dist/fonts/type1/public/amsfonts/cm/cmti10.pfb><
/usr/local/texlive/2024/texmf-dist/fonts/type1/public/amsfonts/cm/cmtt10.pfb>
Output written on ws3.pdf (1 page, 62410 bytes).
PDF statistics:
 32 PDF objects out of 1000 (max. 8388607)
 22 compressed objects within 1 object stream
 0 named destinations out of 1000 (max. 500000)
 1 words of extra memory for PDF output out of 10000 (max. 10000000)

