This is pdfTeX, Version 3.141592653-2.6-1.40.26 (TeX Live 2024) (preloaded format=pdftex 2024.5.17)  6 NOV 2025 12:17
entering extended mode
 \write18 enabled.
 %&-line parsing enabled.
**ws4_soln.tex
(./ws4_soln.tex (/Users/fred/Desktop/lptp/tex/proofmacros.tex
\levcount=\count27
\thmcount=\count28
\indcount=\count29
\inputcheck=\read1
\auxout=\write0
) [1
\openout0 = `ws4_soln.aux'.

{/usr/local/texlive/2024/texmf-var/fonts/map/pdftex/updmap/pdftex.map}
Non-PDF special ignored!
<special> html:<A name="1">
Non-PDF special ignored!
<special> html:</A>
Non-PDF special ignored!
<special> html:<A name="2">
Non-PDF special ignored!
<special> html:</A>
Non-PDF special ignored!
<special> html:<A name="3">
Non-PDF special ignored!
<special> html:</A>
Non-PDF special ignored!
<special> html:<A href="#1">
Non-PDF special ignored!
<special> html:</A>
Non-PDF special ignored!
<special> html:<A name="4">
Non-PDF special ignored!
<special> html:</A>
Non-PDF special ignored!
<special> html:<A name="5">
Non-PDF special ignored!
<special> html:</A>
Non-PDF special ignored!
<special> html:<A name="6">
Non-PDF special ignored!
<special> html:</A>
Non-PDF special ignored!
<special> html:<A name="7">
Non-PDF special ignored!
<special> html:</A>
Non-PDF special ignored!
<special> html:<A name="8">
Non-PDF special ignored!
<special> html:</A>
] [2
Non-PDF special ignored!
<special> html:<A name="9">
Non-PDF special ignored!
<special> html:</A>
Non-PDF special ignored!
<special> html:<A name="10">
Non-PDF special ignored!
<special> html:</A>
Non-PDF special ignored!
<special> html:<A name="11">
Non-PDF special ignored!
<special> html:</A>
Non-PDF special ignored!
<special> html:<A href="#7">
Non-PDF special ignored!
<special> html:</A>
Non-PDF special ignored!
<special> html:<A href="#10">
Non-PDF special ignored!
<special> html:</A>
] [3
Non-PDF special ignored!
<special> html:<A name="12">
Non-PDF special ignored!
<special> html:</A>
Non-PDF special ignored!
<special> html:<A name="13">
Non-PDF special ignored!
<special> html:</A>
Non-PDF special ignored!
<special> html:<A name="14">
Non-PDF special ignored!
<special> html:</A>
Non-PDF special ignored!
<special> html:<A name="15">
Non-PDF special ignored!
<special> html:</A>
Non-PDF special ignored!
<special> html:<A name="16">
Non-PDF special ignored!
<special> html:</A>
Non-PDF special ignored!
<special> html:<A name="17">
Non-PDF special ignored!
<special> html:</A>
] )</usr/local/texlive/2024/texmf-dist/fonts/type1/public/amsfonts/cm/cmbx10.pf
b></usr/local/texlive/2024/texmf-dist/fonts/type1/public/amsfonts/cm/cmmi10.pfb
></usr/local/texlive/2024/texmf-dist/fonts/type1/public/amsfonts/cm/cmr10.pfb><
/usr/local/texlive/2024/texmf-dist/fonts/type1/public/amsfonts/cm/cmr7.pfb></us
r/local/texlive/2024/texmf-dist/fonts/type1/public/amsfonts/cm/cmssbx10.pfb></u
sr/local/texlive/2024/texmf-dist/fonts/type1/public/amsfonts/cm/cmsy10.pfb></us
r/local/texlive/2024/texmf-dist/fonts/type1/public/amsfonts/cm/cmti10.pfb></usr
/local/texlive/2024/texmf-dist/fonts/type1/public/amsfonts/cm/cmtt10.pfb>
Output written on ws4_soln.pdf (3 pages, 89990 bytes).
PDF statistics:
 46 PDF objects out of 1000 (max. 8388607)
 32 compressed objects within 1 object stream
 0 named destinations out of 1000 (max. 500000)
 1 words of extra memory for PDF output out of 10000 (max. 10000000)

