This is pdfTeX, Version 3.141592653-2.6-1.40.26 (TeX Live 2024) (preloaded format=pdftex 2024.5.17)  6 NOV 2025 11:07
entering extended mode
 \write18 enabled.
 %&-line parsing enabled.
**ws1.tex
(./ws1.tex (/Users/fred/Desktop/lptp/tex/proofmacros.tex
\levcount=\count27
\thmcount=\count28
\indcount=\count29
\inputcheck=\read1
\auxout=\write0
) [1
\openout0 = `ws1.aux'.

{/usr/local/texlive/2024/texmf-var/fonts/map/pdftex/updmap/pdftex.map}
Non-PDF special ignored!
<special> html:<A name="1">
Non-PDF special ignored!
<special> html:</A>
Non-PDF special ignored!
<special> html:<A name="2">
Non-PDF special ignored!
<special> html:</A>
Non-PDF special ignored!
<special> html:<A name="3">
Non-PDF special ignored!
<special> html:</A>
Non-PDF special ignored!
<special> html:<A name="4">
Non-PDF special ignored!
<special> html:</A>
Non-PDF special ignored!
<special> html:<A name="5">
Non-PDF special ignored!
<special> html:</A>
Non-PDF special ignored!
<special> html:<A name="6">
Non-PDF special ignored!
<special> html:</A>
Non-PDF special ignored!
<special> html:<A name="7">
Non-PDF special ignored!
<special> html:</A>
Non-PDF special ignored!
<special> html:<A name="8">
Non-PDF special ignored!
<special> html:</A>
Non-PDF special ignored!
<special> html:<A href="#5">
Non-PDF special ignored!
<special> html:</A>
Non-PDF special ignored!
<special> html:<A href="#7">
Non-PDF special ignored!
<special> html:</A>
Non-PDF special ignored!
<special> html:<A name="9">
Non-PDF special ignored!
<special> html:</A>
Non-PDF special ignored!
<special> html:<A name="10">
Non-PDF special ignored!
<special> html:</A>
Non-PDF special ignored!
<special> html:<A name="11">
Non-PDF special ignored!
<special> html:</A>
] [2
Non-PDF special ignored!
<special> html:<A name="12">
Non-PDF special ignored!
<special> html:</A>
Non-PDF special ignored!
<special> html:<A name="13">
Non-PDF special ignored!
<special> html:</A>
Non-PDF special ignored!
<special> html:<A name="14">
Non-PDF special ignored!
<special> html:</A>
Non-PDF special ignored!
<special> html:<A name="15">
Non-PDF special ignored!
<special> html:</A>
Non-PDF special ignored!
<special> html:<A name="16">
Non-PDF special ignored!
<special> html:</A>
Non-PDF special ignored!
<special> html:<A name="17">
Non-PDF special ignored!
<special> html:</A>
Non-PDF special ignored!
<special> html:<A name="18">
Non-PDF special ignored!
<special> html:</A>
Non-PDF special ignored!
<special> html:<A name="19">
Non-PDF special ignored!
<special> html:</A>
Non-PDF special ignored!
<special> html:<A name="20">
Non-PDF special ignored!
<special> html:</A>
Non-PDF special ignored!
<special> html:<A name="21">
Non-PDF special ignored!
<special> html:</A>
Non-PDF special ignored!
<special> html:<A name="22">
Non-PDF special ignored!
<special> html:</A>
Non-PDF special ignored!
<special> html:<A name="23">
Non-PDF special ignored!
<special> html:</A>
Non-PDF special ignored!
<special> html:<A name="24">
Non-PDF special ignored!
<special> html:</A>
Non-PDF special ignored!
<special> html:<A name="25">
Non-PDF special ignored!
<special> html:</A>
Non-PDF special ignored!
<special> html:<A name="26">
Non-PDF special ignored!
<special> html:</A>
] [3
Non-PDF special ignored!
<special> html:<A name="27">
Non-PDF special ignored!
<special> html:</A>
Non-PDF special ignored!
<special> html:<A name="28">
Non-PDF special ignored!
<special> html:</A>
Non-PDF special ignored!
<special> html:<A name="29">
Non-PDF special ignored!
<special> html:</A>
Non-PDF special ignored!
<special> html:<A name="30">
Non-PDF special ignored!
<special> html:</A>
Non-PDF special ignored!
<special> html:<A name="31">
Non-PDF special ignored!
<special> html:</A>
Non-PDF special ignored!
<special> html:<A name="32">
Non-PDF special ignored!
<special> html:</A>
Non-PDF special ignored!
<special> html:<A name="33">
Non-PDF special ignored!
<special> html:</A>
Non-PDF special ignored!
<special> html:<A name="34">
Non-PDF special ignored!
<special> html:</A>
Non-PDF special ignored!
<special> html:<A name="35">
Non-PDF special ignored!
<special> html:</A>
Non-PDF special ignored!
<special> html:<A name="36">
Non-PDF special ignored!
<special> html:</A>
Non-PDF special ignored!
<special> html:<A name="37">
Non-PDF special ignored!
<special> html:</A>
] [4
Non-PDF special ignored!
<special> html:<A name="38">
Non-PDF special ignored!
<special> html:</A>
Non-PDF special ignored!
<special> html:<A name="39">
Non-PDF special ignored!
<special> html:</A>
Non-PDF special ignored!
<special> html:<A name="40">
Non-PDF special ignored!
<special> html:</A>
Non-PDF special ignored!
<special> html:<A name="41">
Non-PDF special ignored!
<special> html:</A>
Non-PDF special ignored!
<special> html:<A name="42">
Non-PDF special ignored!
<special> html:</A>
Non-PDF special ignored!
<special> html:<A name="43">
Non-PDF special ignored!
<special> html:</A>
Non-PDF special ignored!
<special> html:<A name="44">
Non-PDF special ignored!
<special> html:</A>
Non-PDF special ignored!
<special> html:<A name="45">
Non-PDF special ignored!
<special> html:</A>
Non-PDF special ignored!
<special> html:<A name="46">
Non-PDF special ignored!
<special> html:</A>
Non-PDF special ignored!
<special> html:<A href="#44">
Non-PDF special ignored!
<special> html:</A>
Non-PDF special ignored!
<special> html:<A href="#45">
Non-PDF special ignored!
<special> html:</A>
] )</usr/local/texlive/2024/texmf-dist/fonts/type1/public/amsfonts/cm/cmbx10.pf
b></usr/local/texlive/2024/texmf-dist/fonts/type1/public/amsfonts/cm/cmr10.pfb>
</usr/local/texlive/2024/texmf-dist/fonts/type1/public/amsfonts/cm/cmr7.pfb></u
sr/local/texlive/2024/texmf-dist/fonts/type1/public/amsfonts/cm/cmsy10.pfb></us
r/local/texlive/2024/texmf-dist/fonts/type1/public/amsfonts/cm/cmti10.pfb></usr
/local/texlive/2024/texmf-dist/fonts/type1/public/amsfonts/cm/cmtt10.pfb>
Output written on ws1.pdf (4 pages, 73676 bytes).
PDF statistics:
 41 PDF objects out of 1000 (max. 8388607)
 28 compressed objects within 1 object stream
 0 named destinations out of 1000 (max. 500000)
 1 words of extra memory for PDF output out of 10000 (max. 10000000)

